# JRE version: Java(TM) SE Runtime Environment (13.0.1+9) (build 13.0.1+9)
# Java VM: Java HotSpot(TM) 64-Bit Server VM (13.0.1+9, mixed mode, sharing, tiered, compressed oops, g1 gc, windows-amd64)
Heap:
 garbage-first heap   total 258048K, used 143874K [0x0000000740000000, 0x0000000800000000)
  region size 1024K, 135 young (138240K), 7 survivors (7168K)
 Metaspace       used 18275K, capacity 18555K, committed 18688K, reserved 1064960K
  class space    used 2082K, capacity 2206K, committed 2304K, reserved 1048576K
GC Heap History (14 events):
Event: 0.604 GC heap before
{Heap before GC invocations=0 (full 0):
 garbage-first heap   total 258048K, used 25600K [0x0000000740000000, 0x0000000800000000)
  region size 1024K, 24 young (24576K), 0 survivors (0K)
 Metaspace       used 3351K, capacity 6173K, committed 6272K, reserved 1056768K
  class space    used 287K, capacity 574K, committed 640K, reserved 1048576K
}
Event: 0.609 GC heap after
{Heap after GC invocations=1 (full 0):
 garbage-first heap   total 258048K, used 10496K [0x0000000740000000, 0x0000000800000000)
  region size 1024K, 3 young (3072K), 3 survivors (3072K)
 Metaspace       used 3351K, capacity 6173K, committed 6272K, reserved 1056768K
  class space    used 287K, capacity 574K, committed 640K, reserved 1048576K
}
Event: 0.914 GC heap before
{Heap before GC invocations=1 (full 0):
 garbage-first heap   total 258048K, used 129280K [0x0000000740000000, 0x0000000800000000)
  region size 1024K, 119 young (121856K), 3 survivors (3072K)
 Metaspace       used 4838K, capacity 7219K, committed 7424K, reserved 1056768K
  class space    used 427K, capacity 689K, committed 768K, reserved 1048576K
}
Event: 0.916 GC heap after
{Heap after GC invocations=2 (full 0):
 garbage-first heap   total 258048K, used 10995K [0x0000000740000000, 0x0000000800000000)
  region size 1024K, 4 young (4096K), 4 survivors (4096K)
 Metaspace       used 4838K, capacity 7219K, committed 7424K, reserved 1056768K
  class space    used 427K, capacity 689K, committed 768K, reserved 1048576K
}
Event: 1.184 GC heap before
{Heap before GC invocations=2 (full 0):
 garbage-first heap   total 258048K, used 143091K [0x0000000740000000, 0x0000000800000000)
  region size 1024K, 133 young (136192K), 4 survivors (4096K)
 Metaspace       used 6824K, capacity 9171K, committed 9472K, reserved 1056768K
  class space    used 968K, capacity 1233K, committed 1280K, reserved 1048576K
}
Event: 1.186 GC heap after
{Heap after GC invocations=3 (full 0):
 garbage-first heap   total 258048K, used 11357K [0x0000000740000000, 0x0000000800000000)
  region size 1024K, 4 young (4096K), 4 survivors (4096K)
 Metaspace       used 6824K, capacity 9171K, committed 9472K, reserved 1056768K
  class space    used 968K, capacity 1233K, committed 1280K, reserved 1048576K
}
Event: 1.501 GC heap before
{Heap before GC invocations=3 (full 0):
 garbage-first heap   total 258048K, used 161885K [0x0000000740000000, 0x0000000800000000)
  region size 1024K, 151 young (154624K), 4 survivors (4096K)
 Metaspace       used 7172K, capacity 9305K, committed 9472K, reserved 1056768K
  class space    used 990K, capacity 1234K, committed 1280K, reserved 1048576K
}
Event: 1.504 GC heap after
{Heap after GC invocations=4 (full 0):
 garbage-first heap   total 258048K, used 11413K [0x0000000740000000, 0x0000000800000000)
  region size 1024K, 4 young (4096K), 4 survivors (4096K)
 Metaspace       used 7172K, capacity 9305K, committed 9472K, reserved 1056768K
  class space    used 990K, capacity 1234K, committed 1280K, reserved 1048576K
}
Event: 1.959 GC heap before
{Heap before GC invocations=4 (full 0):
 garbage-first heap   total 258048K, used 161941K [0x0000000740000000, 0x0000000800000000)
  region size 1024K, 151 young (154624K), 4 survivors (4096K)
 Metaspace       used 12777K, capacity 14304K, committed 14336K, reserved 1062912K
  class space    used 1595K, capacity 1788K, committed 1792K, reserved 1048576K
}
Event: 1.962 GC heap after
{Heap after GC invocations=5 (full 0):
 garbage-first heap   total 258048K, used 12789K [0x0000000740000000, 0x0000000800000000)
  region size 1024K, 6 young (6144K), 6 survivors (6144K)
 Metaspace       used 12777K, capacity 14304K, committed 14336K, reserved 1062912K
  class space    used 1595K, capacity 1788K, committed 1792K, reserved 1048576K
}
Event: 2.709 GC heap before
{Heap before GC invocations=5 (full 0):
 garbage-first heap   total 258048K, used 160245K [0x0000000740000000, 0x0000000800000000)
  region size 1024K, 151 young (154624K), 6 survivors (6144K)
 Metaspace       used 17196K, capacity 17418K, committed 17536K, reserved 1064960K
  class space    used 2009K, capacity 2103K, committed 2176K, reserved 1048576K
}
Event: 2.712 GC heap after
{Heap after GC invocations=6 (full 0):
 garbage-first heap   total 258048K, used 13568K [0x0000000740000000, 0x0000000800000000)
  region size 1024K, 6 young (6144K), 6 survivors (6144K)
 Metaspace       used 17196K, capacity 17418K, committed 17536K, reserved 1064960K
  class space    used 2009K, capacity 2103K, committed 2176K, reserved 1048576K
}
Event: 2.879 GC heap before
{Heap before GC invocations=6 (full 0):
 garbage-first heap   total 258048K, used 162048K [0x0000000740000000, 0x0000000800000000)
  region size 1024K, 151 young (154624K), 6 survivors (6144K)
 Metaspace       used 17214K, capacity 17482K, committed 17792K, reserved 1064960K
  class space    used 2009K, capacity 2103K, committed 2176K, reserved 1048576K
}
Event: 2.882 GC heap after
{Heap after GC invocations=7 (full 0):
 garbage-first heap   total 258048K, used 13826K [0x0000000740000000, 0x0000000800000000)
  region size 1024K, 7 young (7168K), 7 survivors (7168K)
 Metaspace       used 17214K, capacity 17482K, committed 17792K, reserved 1064960K
  class space    used 2009K, capacity 2103K, committed 2176K, reserved 1048576K
}

