# JRE version: Java(TM) SE Runtime Environment (13.0.1+9) (build 13.0.1+9)
# Java VM: Java HotSpot(TM) 64-Bit Server VM (13.0.1+9, mixed mode, sharing, tiered, compressed oops, g1 gc, windows-amd64)
Heap:
 garbage-first heap   total 258048K, used 107866K [0x0000000740000000, 0x0000000800000000)
  region size 1024K, 99 young (101376K), 6 survivors (6144K)
 Metaspace       used 18432K, capacity 18683K, committed 18944K, reserved 1067008K
  class space    used 2082K, capacity 2206K, committed 2304K, reserved 1048576K
GC Heap History (14 events):
Event: 0.541 GC heap before
{Heap before GC invocations=0 (full 0):
 garbage-first heap   total 258048K, used 25600K [0x0000000740000000, 0x0000000800000000)
  region size 1024K, 24 young (24576K), 0 survivors (0K)
 Metaspace       used 3343K, capacity 6173K, committed 6272K, reserved 1056768K
  class space    used 287K, capacity 574K, committed 640K, reserved 1048576K
}
Event: 0.545 GC heap after
{Heap after GC invocations=1 (full 0):
 garbage-first heap   total 258048K, used 10598K [0x0000000740000000, 0x0000000800000000)
  region size 1024K, 3 young (3072K), 3 survivors (3072K)
 Metaspace       used 3343K, capacity 6173K, committed 6272K, reserved 1056768K
  class space    used 287K, capacity 574K, committed 640K, reserved 1048576K
}
Event: 0.833 GC heap before
{Heap before GC invocations=1 (full 0):
 garbage-first heap   total 258048K, used 127334K [0x0000000740000000, 0x0000000800000000)
  region size 1024K, 117 young (119808K), 3 survivors (3072K)
 Metaspace       used 4827K, capacity 7219K, committed 7424K, reserved 1056768K
  class space    used 427K, capacity 689K, committed 768K, reserved 1048576K
}
Event: 0.835 GC heap after
{Heap after GC invocations=2 (full 0):
 garbage-first heap   total 258048K, used 11003K [0x0000000740000000, 0x0000000800000000)
  region size 1024K, 4 young (4096K), 4 survivors (4096K)
 Metaspace       used 4827K, capacity 7219K, committed 7424K, reserved 1056768K
  class space    used 427K, capacity 689K, committed 768K, reserved 1048576K
}
Event: 1.077 GC heap before
{Heap before GC invocations=2 (full 0):
 garbage-first heap   total 258048K, used 141051K [0x0000000740000000, 0x0000000800000000)
  region size 1024K, 131 young (134144K), 4 survivors (4096K)
 Metaspace       used 6814K, capacity 9171K, committed 9472K, reserved 1056768K
  class space    used 968K, capacity 1233K, committed 1280K, reserved 1048576K
}
Event: 1.080 GC heap after
{Heap after GC invocations=3 (full 0):
 garbage-first heap   total 258048K, used 11316K [0x0000000740000000, 0x0000000800000000)
  region size 1024K, 4 young (4096K), 4 survivors (4096K)
 Metaspace       used 6814K, capacity 9171K, committed 9472K, reserved 1056768K
  class space    used 968K, capacity 1233K, committed 1280K, reserved 1048576K
}
Event: 1.396 GC heap before
{Heap before GC invocations=3 (full 0):
 garbage-first heap   total 258048K, used 161844K [0x0000000740000000, 0x0000000800000000)
  region size 1024K, 151 young (154624K), 4 survivors (4096K)
 Metaspace       used 7172K, capacity 9305K, committed 9472K, reserved 1056768K
  class space    used 990K, capacity 1234K, committed 1280K, reserved 1048576K
}
Event: 1.398 GC heap after
{Heap after GC invocations=4 (full 0):
 garbage-first heap   total 258048K, used 11622K [0x0000000740000000, 0x0000000800000000)
  region size 1024K, 4 young (4096K), 4 survivors (4096K)
 Metaspace       used 7172K, capacity 9305K, committed 9472K, reserved 1056768K
  class space    used 990K, capacity 1234K, committed 1280K, reserved 1048576K
}
Event: 1.948 GC heap before
{Heap before GC invocations=4 (full 0):
 garbage-first heap   total 258048K, used 162150K [0x0000000740000000, 0x0000000800000000)
  region size 1024K, 151 young (154624K), 4 survivors (4096K)
 Metaspace       used 12799K, capacity 14304K, committed 14336K, reserved 1062912K
  class space    used 1595K, capacity 1788K, committed 1792K, reserved 1048576K
}
Event: 1.951 GC heap after
{Heap after GC invocations=5 (full 0):
 garbage-first heap   total 258048K, used 12907K [0x0000000740000000, 0x0000000800000000)
  region size 1024K, 6 young (6144K), 6 survivors (6144K)
 Metaspace       used 12799K, capacity 14304K, committed 14336K, reserved 1062912K
  class space    used 1595K, capacity 1788K, committed 1792K, reserved 1048576K
}
Event: 2.866 GC heap before
{Heap before GC invocations=5 (full 0):
 garbage-first heap   total 258048K, used 160363K [0x0000000740000000, 0x0000000800000000)
  region size 1024K, 151 young (154624K), 6 survivors (6144K)
 Metaspace       used 17220K, capacity 17418K, committed 17536K, reserved 1064960K
  class space    used 2009K, capacity 2103K, committed 2176K, reserved 1048576K
}
Event: 2.871 GC heap after
{Heap after GC invocations=6 (full 0):
 garbage-first heap   total 258048K, used 13591K [0x0000000740000000, 0x0000000800000000)
  region size 1024K, 6 young (6144K), 6 survivors (6144K)
 Metaspace       used 17220K, capacity 17418K, committed 17536K, reserved 1064960K
  class space    used 2009K, capacity 2103K, committed 2176K, reserved 1048576K
}
Event: 3.128 GC heap before
{Heap before GC invocations=6 (full 0):
 garbage-first heap   total 258048K, used 162071K [0x0000000740000000, 0x0000000800000000)
  region size 1024K, 151 young (154624K), 6 survivors (6144K)
 Metaspace       used 17239K, capacity 17482K, committed 17792K, reserved 1064960K
  class space    used 2009K, capacity 2103K, committed 2176K, reserved 1048576K
}
Event: 3.132 GC heap after
{Heap after GC invocations=7 (full 0):
 garbage-first heap   total 258048K, used 13658K [0x0000000740000000, 0x0000000800000000)
  region size 1024K, 6 young (6144K), 6 survivors (6144K)
 Metaspace       used 17239K, capacity 17482K, committed 17792K, reserved 1064960K
  class space    used 2009K, capacity 2103K, committed 2176K, reserved 1048576K
}

